<?xml version="1.0" encoding="UTF-8"?>
<testng-results ignored="1" total="2" passed="1" failed="0" skipped="0">
  <reporter-output>
  </reporter-output>
  <suite started-at="2019-10-24T19:17:52 EDT" name="Suite" finished-at="2019-10-24T19:17:52 EDT" duration-ms="61">
    <groups>
    </groups>
    <test started-at="2019-10-24T19:17:52 EDT" name="Test" finished-at="2019-10-24T19:17:52 EDT" duration-ms="61">
      <class name="tests.Test1">
        <test-method signature="printClass()[pri:0, instance:tests.Test1@60611244]" started-at="2019-10-24T19:17:52 EDT" name="printClass" finished-at="2019-10-24T19:17:52 EDT" duration-ms="15" status="PASS">
          <reporter-output>
          </reporter-output>
        </test-method> <!-- printClass -->
      </class> <!-- tests.Test1 -->
    </test> <!-- Test -->
  </suite> <!-- Suite -->
</testng-results>
